<?xml version="1.0" encoding="UTF-8"?>
<testsuite name="ru.mail.polis.SingleNodeTest" tests="10" skipped="0" failures="0" errors="0" timestamp="2017-10-12T23:02:15" hostname="MacBook-Pro-Kostya.local" time="0.852">
  <properties/>
  <testcase name="lifecycle2keys" classname="ru.mail.polis.SingleNodeTest" time="0.808"/>
  <testcase name="delete" classname="ru.mail.polis.SingleNodeTest" time="0.006"/>
  <testcase name="deleteAbsent" classname="ru.mail.polis.SingleNodeTest" time="0.002"/>
  <testcase name="insert" classname="ru.mail.polis.SingleNodeTest" time="0.005"/>
  <testcase name="upsert" classname="ru.mail.polis.SingleNodeTest" time="0.006"/>
  <testcase name="upsertEmpty" classname="ru.mail.polis.SingleNodeTest" time="0.006"/>
  <testcase name="badRequest" classname="ru.mail.polis.SingleNodeTest" time="0.002"/>
  <testcase name="insertEmpty" classname="ru.mail.polis.SingleNodeTest" time="0.005"/>
  <testcase name="getAbsent" classname="ru.mail.polis.SingleNodeTest" time="0.003"/>
  <testcase name="emptyKey" classname="ru.mail.polis.SingleNodeTest" time="0.004"/>
  <system-out><![CDATA[]]></system-out>
  <system-err><![CDATA[]]></system-err>
</testsuite>
