<?xml version="1.0" encoding="UTF-8"?>
<testsuite name="ru.mail.polis.FilesTest" tests="1" skipped="0" failures="0" errors="0" timestamp="2017-10-12T23:02:15" hostname="MacBook-Pro-Kostya.local" time="0.016">
  <properties/>
  <testcase name="createRemove" classname="ru.mail.polis.FilesTest" time="0.016"/>
  <system-out><![CDATA[]]></system-out>
  <system-err><![CDATA[]]></system-err>
</testsuite>
